<?xml version="1.0" encoding="UTF-8"?>
<testsuite xmlns:xsi="http://www.w3.org/2001/XMLSchema-instance" xsi:noNamespaceSchemaLocation="https://maven.apache.org/surefire/maven-surefire-plugin/xsd/surefire-test-report-3.0.xsd" version="3.0" name="com.example.online_shop.OnlineShopApplicationTests" time="16.122" tests="1" errors="0" skipped="0" failures="0">
  <properties>
[...]
</properties>
  <testcase name="contextLoads" classname="com.example.online_shop.OnlineShopApplicationTests" time="0.301">
    <system-out><![CDATA[13:18:54.446 [main] INFO org.springframework.test.context.support.AnnotationConfigContextLoaderUtils -- Could not detect default configuration classes for test class [com.example.online_shop.OnlineShopApplicationTests]: OnlineShopApplicationTests does not declare any static, non-private, non-final, nested classes annotated with @Configuration.
13:18:54.492 [main] INFO org.springframework.boot.test.context.SpringBootTestContextBootstrapper -- Found @SpringBootConfiguration com.example.online_shop.OnlineShopApplication for test class com.example.online_shop.OnlineShopApplicationTests
13:18:54.557 [main] INFO org.springframework.boot.devtools.restart.RestartApplicationListener -- Restart disabled due to context in which it is running
13:18:54,394 |-INFO in ch.qos.logback.classic.LoggerContext[default] - This is logback-classic version 1.5.6
13:18:54,395 |-INFO in ch.qos.logback.classic.util.ContextInitializer@503fbbc6 - Here is a list of configurators discovered as a service, by rank: 
13:18:54,395 |-INFO in ch.qos.logback.classic.util.ContextInitializer@503fbbc6 -   org.springframework.boot.logging.logback.RootLogLevelConfigurator
13:18:54,395 |-INFO in ch.qos.logback.classic.util.ContextInitializer@503fbbc6 - They will be invoked in order until ExecutionStatus.DO_NOT_INVOKE_NEXT_IF_ANY is returned.
13:18:54,395 |-INFO in ch.qos.logback.classic.util.ContextInitializer@503fbbc6 - Constructed configurator of type class org.springframework.boot.logging.logback.RootLogLevelConfigurator
13:18:54,399 |-INFO in ch.qos.logback.classic.util.ContextInitializer@503fbbc6 - org.springframework.boot.logging.logback.RootLogLevelConfigurator.configure() call lasted 0 milliseconds. ExecutionStatus=INVOKE_NEXT_IF_ANY
13:18:54,399 |-INFO in ch.qos.logback.classic.util.ContextInitializer@503fbbc6 - Trying to configure with ch.qos.logback.classic.joran.SerializedModelConfigurator
13:18:54,399 |-INFO in ch.qos.logback.classic.util.ContextInitializer@503fbbc6 - Constructed configurator of type class ch.qos.logback.classic.joran.SerializedModelConfigurator
13:18:54,400 |-INFO in ch.qos.logback.classic.LoggerContext[default] - Could NOT find resource [logback-test.scmo]
13:18:54,401 |-INFO in ch.qos.logback.classic.LoggerContext[default] - Could NOT find resource [logback.scmo]
13:18:54,401 |-INFO in ch.qos.logback.classic.util.ContextInitializer@503fbbc6 - ch.qos.logback.classic.joran.SerializedModelConfigurator.configure() call lasted 2 milliseconds. ExecutionStatus=INVOKE_NEXT_IF_ANY
13:18:54,401 |-INFO in ch.qos.logback.classic.util.ContextInitializer@503fbbc6 - Trying to configure with ch.qos.logback.classic.util.DefaultJoranConfigurator
13:18:54,401 |-INFO in ch.qos.logback.classic.util.ContextInitializer@503fbbc6 - Constructed configurator of type class ch.qos.logback.classic.util.DefaultJoranConfigurator
13:18:54,401 |-INFO in ch.qos.logback.classic.LoggerContext[default] - Could NOT find resource [logback-test.xml]
13:18:54,401 |-INFO in ch.qos.logback.classic.LoggerContext[default] - Could NOT find resource [logback.xml]
13:18:54,401 |-INFO in ch.qos.logback.classic.util.ContextInitializer@503fbbc6 - ch.qos.logback.classic.util.DefaultJoranConfigurator.configure() call lasted 0 milliseconds. ExecutionStatus=INVOKE_NEXT_IF_ANY
13:18:54,401 |-INFO in ch.qos.logback.classic.util.ContextInitializer@503fbbc6 - Trying to configure with ch.qos.logback.classic.BasicConfigurator
13:18:54,401 |-INFO in ch.qos.logback.classic.util.ContextInitializer@503fbbc6 - Constructed configurator of type class ch.qos.logback.classic.BasicConfigurator
13:18:54,401 |-INFO in ch.qos.logback.classic.BasicConfigurator@55f45b92 - Setting up default configuration.
13:18:54,410 |-INFO in ch.qos.logback.classic.util.ContextInitializer@503fbbc6 - ch.qos.logback.classic.BasicConfigurator.configure() call lasted 9 milliseconds. ExecutionStatus=NEUTRAL
13:18:54,676 |-INFO in ch.qos.logback.core.model.processor.AppenderModelHandler - Processing appender named [Console]
13:18:54,677 |-INFO in ch.qos.logback.core.model.processor.AppenderModelHandler - About to instantiate appender of type [ch.qos.logback.core.ConsoleAppender]
13:18:54,685 |-WARN in ch.qos.logback.core.ConsoleAppender[Console] - This appender no longer admits a layout as a sub-component, set an encoder instead.
13:18:54,685 |-WARN in ch.qos.logback.core.ConsoleAppender[Console] - To ensure compatibility, wrapping your layout in LayoutWrappingEncoder.
13:18:54,685 |-WARN in ch.qos.logback.core.ConsoleAppender[Console] - See also http://logback.qos.ch/codes.html#layoutInsteadOfEncoder for details
13:18:54,685 |-INFO in ch.qos.logback.core.model.processor.AppenderModelHandler - Processing appender named [RollingFile]
13:18:54,685 |-INFO in ch.qos.logback.core.model.processor.AppenderModelHandler - About to instantiate appender of type [ch.qos.logback.core.rolling.RollingFileAppender]
13:18:54,691 |-INFO in c.q.l.core.rolling.TimeBasedRollingPolicy@278879704 - No compression will be used
13:18:54,691 |-INFO in c.q.l.core.rolling.TimeBasedRollingPolicy@278879704 - Will use the pattern ./logs/archived/spring-boot-logger-%d{yyyy-MM-dd}.%i.log for the active file
13:18:54,706 |-INFO in ch.qos.logback.core.rolling.SizeAndTimeBasedFNATP@67fe380b - The date pattern is 'yyyy-MM-dd' from file name pattern './logs/archived/spring-boot-logger-%d{yyyy-MM-dd}.%i.log'.
13:18:54,706 |-INFO in ch.qos.logback.core.rolling.SizeAndTimeBasedFNATP@67fe380b - Roll-over at midnight.
13:18:54,711 |-INFO in ch.qos.logback.core.rolling.SizeAndTimeBasedFNATP@67fe380b - Setting initial period to 2024-07-05T09:48:44.993Z
13:18:54,711 |-WARN in ch.qos.logback.core.rolling.SizeAndTimeBasedFNATP@67fe380b - SizeAndTimeBasedFNATP is deprecated. Use SizeAndTimeBasedRollingPolicy instead
13:18:54,711 |-WARN in ch.qos.logback.core.rolling.SizeAndTimeBasedFNATP@67fe380b - For more information see http://logback.qos.ch/manual/appenders.html#SizeAndTimeBasedRollingPolicy
13:18:54,713 |-INFO in ch.qos.logback.core.rolling.RollingFileAppender[RollingFile] - Active log file name: ./logs/logger.log
13:18:54,713 |-INFO in ch.qos.logback.core.rolling.RollingFileAppender[RollingFile] - File property is set to [./logs/logger.log]
13:18:54,714 |-INFO in ch.qos.logback.classic.model.processor.RootLoggerModelHandler - Setting level of ROOT logger to INFO
13:18:54,714 |-INFO in ch.qos.logback.classic.jul.LevelChangePropagator@4a325eb9 - Propagating INFO level on Logger[ROOT] onto the JUL framework
13:18:54,714 |-INFO in ch.qos.logback.core.model.processor.AppenderRefModelHandler - Attaching appender named [RollingFile] to Logger[ROOT]
13:18:54,714 |-INFO in ch.qos.logback.core.model.processor.AppenderRefModelHandler - Attaching appender named [Console] to Logger[ROOT]
13:18:54,714 |-INFO in ch.qos.logback.classic.model.processor.LoggerModelHandler - Setting level of logger [com.baeldung] to TRACE
13:18:54,714 |-INFO in ch.qos.logback.classic.jul.LevelChangePropagator@4a325eb9 - Propagating TRACE level on Logger[com.baeldung] onto the JUL framework
13:18:54,715 |-INFO in ch.qos.logback.classic.model.processor.LoggerModelHandler - Setting additivity of logger [com.baeldung] to false
13:18:54,715 |-INFO in ch.qos.logback.core.model.processor.AppenderRefModelHandler - Attaching appender named [RollingFile] to Logger[com.baeldung]
13:18:54,715 |-INFO in ch.qos.logback.core.model.processor.AppenderRefModelHandler - Attaching appender named [Console] to Logger[com.baeldung]
13:18:54,715 |-INFO in ch.qos.logback.core.model.processor.DefaultProcessor@3dedb4a6 - End of configuration.
13:18:54,716 |-INFO in org.springframework.boot.logging.logback.SpringBootJoranConfigurator@57f64f5e - Registering current configuration as safe fallback point

  .   ____          _            __ _ _
 /\\ / ___'_ __ _ _(_)_ __  __ _ \ \ \ \
( ( )\___ | '_ | '_| | '_ \/ _` | \ \ \ \
 \\/  ___)| |_)| | | | | || (_| |  ) ) ) )
  '  |____| .__|_| |_|_| |_\__, | / / / /
 =========|_|==============|___/=/_/_/_/

 :: Spring Boot ::                (v3.3.0)

&amp#27;[30m2024-07-05 13:18:54,740&amp#27;[0;39m &amp#27;[34mINFO &amp#27;[0;39m [&amp#27;[34mbackground-preinit&amp#27;[0;39m] &amp#27;[33mo.h.v.i.u.Version&amp#27;[0;39m: HV000001: Hibernate Validator 8.0.1.Final
&amp#27;[30m2024-07-05 13:18:54,747&amp#27;[0;39m &amp#27;[34mINFO &amp#27;[0;39m [&amp#27;[34mmain&amp#27;[0;39m] &amp#27;[33mo.s.b.StartupInfoLogger&amp#27;[0;39m: Starting OnlineShopApplicationTests using Java 21.0.3 with PID 1535 (started by ashykng in /Users/ashykng/Projects/handtime)
&amp#27;[30m2024-07-05 13:18:54,748&amp#27;[0;39m &amp#27;[34mINFO &amp#27;[0;39m [&amp#27;[34mmain&amp#27;[0;39m] &amp#27;[33mo.s.b.SpringApplication&amp#27;[0;39m: No active profile set, falling back to 1 default profile: "default"
&amp#27;[30m2024-07-05 13:18:55,117&amp#27;[0;39m &amp#27;[34mINFO &amp#27;[0;39m [&amp#27;[34mmain&amp#27;[0;39m] &amp#27;[33mo.s.d.r.c.RepositoryConfigurationDelegate&amp#27;[0;39m: Bootstrapping Spring Data JPA repositories in DEFAULT mode.
&amp#27;[30m2024-07-05 13:18:55,152&amp#27;[0;39m &amp#27;[34mINFO &amp#27;[0;39m [&amp#27;[34mmain&amp#27;[0;39m] &amp#27;[33mo.s.d.r.c.RepositoryConfigurationDelegate&amp#27;[0;39m: Finished Spring Data repository scanning in 31 ms. Found 8 JPA repository interfaces.
&amp#27;[30m2024-07-05 13:18:55,410&amp#27;[0;39m &amp#27;[34mINFO &amp#27;[0;39m [&amp#27;[34mmain&amp#27;[0;39m] &amp#27;[33mo.h.j.i.u.LogHelper&amp#27;[0;39m: HHH000204: Processing PersistenceUnitInfo [name: default]
&amp#27;[30m2024-07-05 13:18:55,438&amp#27;[0;39m &amp#27;[34mINFO &amp#27;[0;39m [&amp#27;[34mmain&amp#27;[0;39m] &amp#27;[33mo.h.Version&amp#27;[0;39m: HHH000412: Hibernate ORM core version 6.5.2.Final
&amp#27;[30m2024-07-05 13:18:55,461&amp#27;[0;39m &amp#27;[34mINFO &amp#27;[0;39m [&amp#27;[34mmain&amp#27;[0;39m] &amp#27;[33mo.h.c.i.RegionFactoryInitiator&amp#27;[0;39m: HHH000026: Second-level cache disabled
&amp#27;[30m2024-07-05 13:18:55,581&amp#27;[0;39m &amp#27;[34mINFO &amp#27;[0;39m [&amp#27;[34mmain&amp#27;[0;39m] &amp#27;[33mo.s.o.j.p.SpringPersistenceUnitInfo&amp#27;[0;39m: No LoadTimeWeaver setup: ignoring JPA class transformer
&amp#27;[30m2024-07-05 13:18:55,592&amp#27;[0;39m &amp#27;[34mINFO &amp#27;[0;39m [&amp#27;[34mmain&amp#27;[0;39m] &amp#27;[33mc.z.h.HikariDataSource&amp#27;[0;39m: HikariPool-1 - Starting...
&amp#27;[30m2024-07-05 13:18:58,226&amp#27;[0;39m &amp#27;[34mINFO &amp#27;[0;39m [&amp#27;[34mmain&amp#27;[0;39m] &amp#27;[33mc.z.h.p.HikariPool&amp#27;[0;39m: HikariPool-1 - Added connection com.mysql.cj.jdbc.ConnectionImpl@5e8f0f98
&amp#27;[30m2024-07-05 13:18:58,228&amp#27;[0;39m &amp#27;[34mINFO &amp#27;[0;39m [&amp#27;[34mmain&amp#27;[0;39m] &amp#27;[33mc.z.h.HikariDataSource&amp#27;[0;39m: HikariPool-1 - Start completed.
&amp#27;[30m2024-07-05 13:18:58,724&amp#27;[0;39m &amp#27;[31mWARN &amp#27;[0;39m [&amp#27;[34mmain&amp#27;[0;39m] &amp#27;[33mo.h.e.j.d.i.DialectFactoryImpl&amp#27;[0;39m: HHH90000025: MySQLDialect does not need to be specified explicitly using 'hibernate.dialect' (remove the property setting and it will be selected by default)
&amp#27;[30m2024-07-05 13:18:59,401&amp#27;[0;39m &amp#27;[34mINFO &amp#27;[0;39m [&amp#27;[34mmain&amp#27;[0;39m] &amp#27;[33mo.h.e.t.j.p.i.JtaPlatformInitiator&amp#27;[0;39m: HHH000489: No JTA platform available (set 'hibernate.transaction.jta.platform' to enable JTA platform integration)
&amp#27;[30m2024-07-05 13:19:00,227&amp#27;[0;39m &amp#27;[39mDEBUG&amp#27;[0;39m [&amp#27;[34mmain&amp#27;[0;39m] &amp#27;[33mo.h.e.j.s.SqlStatementLogger&amp#27;[0;39m: alter table messages modify column message TEXT
&amp#27;[30m2024-07-05 13:19:00,819&amp#27;[0;39m &amp#27;[39mDEBUG&amp#27;[0;39m [&amp#27;[34mmain&amp#27;[0;39m] &amp#27;[33mo.h.e.j.s.SqlStatementLogger&amp#27;[0;39m: alter table products modify column description TEXT
&amp#27;[30m2024-07-05 13:19:01,776&amp#27;[0;39m &amp#27;[39mDEBUG&amp#27;[0;39m [&amp#27;[34mmain&amp#27;[0;39m] &amp#27;[33mo.h.e.j.s.SqlStatementLogger&amp#27;[0;39m: alter table products modify column image_path TEXT
&amp#27;[30m2024-07-05 13:19:09,098&amp#27;[0;39m &amp#27;[34mINFO &amp#27;[0;39m [&amp#27;[34mmain&amp#27;[0;39m] &amp#27;[33mo.s.o.j.AbstractEntityManagerFactoryBean&amp#27;[0;39m: Initialized JPA EntityManagerFactory for persistence unit 'default'
&amp#27;[30m2024-07-05 13:19:09,277&amp#27;[0;39m &amp#27;[34mINFO &amp#27;[0;39m [&amp#27;[34mmain&amp#27;[0;39m] &amp#27;[33mo.s.d.j.r.q.QueryEnhancerFactory&amp#27;[0;39m: Hibernate is in classpath; If applicable, HQL parser will be used.
&amp#27;[30m2024-07-05 13:19:09,784&amp#27;[0;39m &amp#27;[31mWARN &amp#27;[0;39m [&amp#27;[34mmain&amp#27;[0;39m] &amp#27;[33mo.s.b.a.o.j.JpaBaseConfiguration$JpaWebConfiguration&amp#27;[0;39m: spring.jpa.open-in-view is enabled by default. Therefore, database queries may be performed during view rendering. Explicitly configure spring.jpa.open-in-view to disable this warning
&amp#27;[30m2024-07-05 13:19:09,793&amp#27;[0;39m &amp#27;[31mWARN &amp#27;[0;39m [&amp#27;[34mmain&amp#27;[0;39m] &amp#27;[33mo.s.s.c.a.a.c.InitializeUserDetailsBeanManagerConfigurer$InitializeUserDetailsManagerConfigurer&amp#27;[0;39m: Global AuthenticationManager configured with an AuthenticationProvider bean. UserDetailsService beans will not be used for username/password login. Consider removing the AuthenticationProvider bean. Alternatively, consider using the UserDetailsService in a manually instantiated DaoAuthenticationProvider.
&amp#27;[30m2024-07-05 13:19:09,839&amp#27;[0;39m &amp#27;[34mINFO &amp#27;[0;39m [&amp#27;[34mmain&amp#27;[0;39m] &amp#27;[33mo.s.b.a.w.s.WelcomePageHandlerMapping&amp#27;[0;39m: Adding welcome page template: index
&amp#27;[30m2024-07-05 13:19:09,976&amp#27;[0;39m &amp#27;[34mINFO &amp#27;[0;39m [&amp#27;[34mmain&amp#27;[0;39m] &amp#27;[33mo.s.s.w.DefaultSecurityFilterChain&amp#27;[0;39m: Will secure any request with [org.springframework.security.web.session.DisableEncodeUrlFilter@23106076, org.springframework.security.web.context.request.async.WebAsyncManagerIntegrationFilter@6b13f456, org.springframework.security.web.context.SecurityContextHolderFilter@5c2fc86, org.springframework.security.web.header.HeaderWriterFilter@451d6bc9, org.springframework.web.filter.CorsFilter@2e006f67, org.springframework.security.web.authentication.logout.LogoutFilter@1b596e21, org.springframework.security.web.authentication.UsernamePasswordAuthenticationFilter@5312c883, org.springframework.security.web.savedrequest.RequestCacheAwareFilter@50c0392d, org.springframework.security.web.servletapi.SecurityContextHolderAwareRequestFilter@57a815a, org.springframework.security.web.authentication.AnonymousAuthenticationFilter@63eebb56, org.springframework.security.web.access.ExceptionTranslationFilter@1828069a, org.springframework.security.web.access.intercept.AuthorizationFilter@54539319]
&amp#27;[30m2024-07-05 13:19:10,181&amp#27;[0;39m &amp#27;[34mINFO &amp#27;[0;39m [&amp#27;[34mmain&amp#27;[0;39m] &amp#27;[33mo.s.b.StartupInfoLogger&amp#27;[0;39m: Started OnlineShopApplicationTests in 15.632 seconds (process running for 16.079)
]]></system-out>
    <system-err><![CDATA[WARNING: A Java agent has been loaded dynamically (/Users/ashykng/.m2/repository/net/bytebuddy/byte-buddy-agent/1.14.16/byte-buddy-agent-1.14.16.jar)
WARNING: If a serviceability tool is in use, please run with -XX:+EnableDynamicAgentLoading to hide this warning
WARNING: If a serviceability tool is not in use, please run with -Djdk.instrument.traceUsage for more information
WARNING: Dynamic loading of agents will be disallowed by default in a future release
]]></system-err>
  </testcase>
</testsuite>